[2026-04-21 08:01:15] ============================================================
[2026-04-21 08:01:15] Pipeline started
[2026-04-21 08:01:15] Competitors (3): ['cooper.simson', 'Justyn.ai', 'Raycfu']
[2026-04-21 08:01:15] Stage 1: Scraping Instagram (last 24h only)...
[2026-04-21 08:01:25] Stage 1 complete: 0 new post(s) fetched
[2026-04-21 08:01:25] Stage 2: Qualifying + late-bloomer re-check...
[2026-04-21 08:01:25] No unanalyzed posts with ≥10,000 views today. Skipping analysis.
[2026-04-21 08:01:25] (All qualifying posts may have already been analyzed, or none hit the threshold yet.)
[2026-04-21 08:01:25] ============================================================
[2026-04-22 05:27:18] ============================================================
[2026-04-22 05:27:18] Pipeline started
[2026-04-22 05:27:18] Competitors (3): ['cooper.simson', 'Justyn.ai', 'Raycfu']
[2026-04-22 05:27:18] Stage 1: Scraping Instagram (last 24h only)...
[2026-04-22 05:27:30] Stage 1 complete: 0 new post(s) fetched
[2026-04-22 05:27:30] Stage 2: Qualifying + late-bloomer re-check...
[2026-04-22 05:27:30] No unanalyzed posts with ≥10,000 views today. Skipping analysis.
[2026-04-22 05:27:30] (All qualifying posts may have already been analyzed, or none hit the threshold yet.)
[2026-04-22 05:27:30] ============================================================
[2026-04-23 07:47:26] ============================================================
[2026-04-23 07:47:26] Pipeline started
[2026-04-23 07:47:26] Competitors (3): ['cooper.simson', 'justyn.ai', 'raycfu']
[2026-04-23 07:47:26] Stage 1: Scraping Instagram (last 24h only)...
[2026-04-23 07:47:44] Stage 1 complete: 3 new post(s) fetched
[2026-04-23 07:47:44] Stage 2: Qualifying + late-bloomer re-check...
[2026-04-23 07:47:44] No unanalyzed posts with ≥10,000 views today. Skipping analysis.
[2026-04-23 07:47:44] (All qualifying posts may have already been analyzed, or none hit the threshold yet.)
[2026-04-23 07:47:44] ============================================================
